2026-06-15 05:02:34,431 [INFO] Task 54206233-2498-44d7-950e-06112e89dfbe added to queue. URL: https://youtu.be/Kx4c66-GjgE?si=8_2Sk-UQXS87hMQt, Quality: 360, AudioOnly: False
2026-06-15 05:02:34,523 [INFO] Task 54206233-2498-44d7-950e-06112e89dfbe popped from queue to start downloading.
2026-06-15 05:02:47,346 [INFO] Task 54206233-2498-44d7-950e-06112e89dfbe pausing requested.
2026-06-15 05:02:50,703 [INFO] Task 54206233-2498-44d7-950e-06112e89dfbe pausing requested.
2026-06-15 05:02:56,229 [INFO] Task 54206233-2498-44d7-950e-06112e89dfbe pausing requested.
2026-06-15 05:04:42,734 [INFO] Task d2d7bd89-c2c0-4759-930b-2b611d642bd1 added to queue. URL: https://youtu.be/Kx4c66-GjgE?si=8_2Sk-UQXS87hMQt, Quality: 360, AudioOnly: False
2026-06-15 05:04:42,771 [INFO] Task d2d7bd89-c2c0-4759-930b-2b611d642bd1 popped from queue to start downloading.
2026-06-15 05:05:30,077 [INFO] Task 07e8476f-924b-4cea-a193-f34f0fe824dc added to queue. URL: https://youtu.be/Kx4c66-GjgE?si=8_2Sk-UQXS87hMQt, Quality: 360, AudioOnly: False
2026-06-15 05:21:40,776 [ERROR] Task 54206233-2498-44d7-950e-06112e89dfbe failed. Friendly Error: [0;31mERROR:[0m [download] Got error: <urllib3.connection.HTTPSConnection object at 0x0000019196EB7140>: Failed to establish a new connection: [WinError 10053] An established connection was aborted by the software in your host machine. Giving up after 10 retries. Details: [0;31mERROR:[0m [download] Got error: <urllib3.connection.HTTPSConnection object at 0x0000019196EB7140>: Failed to establish a new connection: [WinError 10053] An established connection was aborted by the software in your host machine. Giving up after 10 retries
2026-06-15 05:21:40,778 [INFO] Task 07e8476f-924b-4cea-a193-f34f0fe824dc popped from queue to start downloading.
2026-06-15 05:21:41,616 [ERROR] Task d2d7bd89-c2c0-4759-930b-2b611d642bd1 failed. Friendly Error: [0;31mERROR:[0m [download] Got error: <urllib3.connection.HTTPSConnection object at 0x000001919702A720>: Failed to resolve 'rr4---sn-8vq54voxpo-25ue.googlevideo.com' ([Errno 11001] getaddrinfo failed). Giving up after 10 retries. Details: [0;31mERROR:[0m [download] Got error: <urllib3.connection.HTTPSConnection object at 0x000001919702A720>: Failed to resolve 'rr4---sn-8vq54voxpo-25ue.googlevideo.com' ([Errno 11001] getaddrinfo failed). Giving up after 10 retries
2026-06-16 01:36:17,247 [INFO] Task 72d91c73-fe31-4a68-82e3-a0e6f2c6a543 added to queue. URL: https://youtu.be/Kx4c66-GjgE?si=v6qkC1YNrouU2wqB, Quality: 360, AudioOnly: False
2026-06-16 01:36:18,264 [INFO] Task 72d91c73-fe31-4a68-82e3-a0e6f2c6a543 popped from queue to start downloading.
2026-06-16 01:40:20,760 [ERROR] Task 72d91c73-fe31-4a68-82e3-a0e6f2c6a543 failed. Friendly Error: Connection to YouTube timed out. Please try again.. Details: [0;31mERROR:[0m [download] Got error: (<urllib3.connection.HTTPSConnection object at 0x000001D6FD24FEC0>, 'Connection to rr4---sn-8vq54voxpo-25ue.googlevideo.com timed out. (connect timeout=30.0)'). Giving up after 10 retries
2026-06-16 01:41:07,585 [INFO] Task 5bd005e0-8b29-40f9-9e5e-2afe294ead89 added to queue. URL: https://youtube.com/shorts/9zNW8uf_Jd4?si=zKy408ItUaduOHqT, Quality: 1080, AudioOnly: False
2026-06-16 01:41:07,617 [INFO] Task 5bd005e0-8b29-40f9-9e5e-2afe294ead89 popped from queue to start downloading.
2026-06-16 01:41:12,183 [INFO] Task 5bd005e0-8b29-40f9-9e5e-2afe294ead89 progress: 0.1% | Speed: 169.5 KB/s | Size: 0.0MB/2.21MB | ETA: 00:13
2026-06-16 01:41:12,426 [INFO] Task 5bd005e0-8b29-40f9-9e5e-2afe294ead89 progress: 11.3% | Speed: 969.9 KB/s | Size: 0.25MB/2.21MB | ETA: 00:02
2026-06-16 01:41:12,565 [INFO] Task 5bd005e0-8b29-40f9-9e5e-2afe294ead89 progress: 22.6% | Speed: 1.2 MB/s | Size: 0.5MB/2.21MB | ETA: 00:01
2026-06-16 01:41:12,841 [INFO] Task 5bd005e0-8b29-40f9-9e5e-2afe294ead89 progress: 43.5% | Speed: 1.4 MB/s | Size: 0.96MB/2.21MB | ETA: 00:00
2026-06-16 01:41:13,377 [INFO] Task 5bd005e0-8b29-40f9-9e5e-2afe294ead89 progress: 54.8% | Speed: 968.4 KB/s | Size: 1.21MB/2.21MB | ETA: 00:01
2026-06-16 01:41:13,570 [INFO] Task 5bd005e0-8b29-40f9-9e5e-2afe294ead89 progress: 66.1% | Speed: 1.1 MB/s | Size: 1.46MB/2.21MB | ETA: 00:00
2026-06-16 01:41:13,881 [INFO] Task 5bd005e0-8b29-40f9-9e5e-2afe294ead89 progress: 86.8% | Speed: 1.2 MB/s | Size: 1.91MB/2.21MB | ETA: 00:00
2026-06-16 01:41:14,444 [INFO] Task 5bd005e0-8b29-40f9-9e5e-2afe294ead89 progress: 98.0% | Speed: 991.7 KB/s | Size: 2.16MB/2.21MB | ETA: 00:00
2026-06-16 01:41:14,486 [INFO] Task 5bd005e0-8b29-40f9-9e5e-2afe294ead89 progress: 100.0% | Speed: 1001.5 KB/s | Size: 2.21MB/2.21MB | ETA: 00:00
2026-06-16 01:41:14,497 [INFO] Task 5bd005e0-8b29-40f9-9e5e-2afe294ead89 finished downloading. Post-processing/merging formats...
2026-06-16 01:41:14,571 [INFO] Task 5bd005e0-8b29-40f9-9e5e-2afe294ead89 completed successfully. Filename: Sheesha ❤️ ｜ sheesha haryanvi song ｜ romantic song ｜ #shorts #viral #trending #song.mp4, Size: 2.21 MB
2026-06-16 01:44:21,703 [INFO] Task 33612b01-8f1b-4238-9210-09a9272b9275 added to queue. URL: https://youtu.be/ri1Ar5nEq4s?si=Ki5AQ8Jd-xFaol8l, Quality: 360, AudioOnly: False
2026-06-16 01:44:21,733 [INFO] Task 33612b01-8f1b-4238-9210-09a9272b9275 popped from queue to start downloading.
2026-06-16 01:44:27,090 [INFO] Task 33612b01-8f1b-4238-9210-09a9272b9275 finished downloading. Post-processing/merging formats...
2026-06-16 01:44:27,199 [INFO] Task 33612b01-8f1b-4238-9210-09a9272b9275 completed successfully. Filename: Aaj Ki Raat - 8K Video ｜ Stree 2 ｜ Tamannaah Bhatia, Rajkummar Rao, Sachin-Jigar, Madhubanti B,Divya.mp4, Size: 1411.85 MB
2026-06-16 02:15:51,614 [INFO] Task 02c116b1-e305-43bd-9f9b-9903b6f3bcdd added to queue. URL: https://youtube.com/shorts/D43odnfIeAU?si=aGh7S3HjxyPeEvaM, Quality: 1080, AudioOnly: False
2026-06-16 02:15:51,684 [INFO] Task 02c116b1-e305-43bd-9f9b-9903b6f3bcdd popped from queue to start downloading.
2026-06-16 02:16:02,696 [INFO] Task 50abdae2-9d83-4e78-afbc-34e37c9a3681 added to queue. URL: https://youtube.com/shorts/D43odnfIeAU?si=aGh7S3HjxyPeEvaM, Quality: 1080, AudioOnly: False
2026-06-16 02:16:02,741 [INFO] Task 50abdae2-9d83-4e78-afbc-34e37c9a3681 popped from queue to start downloading.
2026-06-16 02:16:09,460 [INFO] Task 02c116b1-e305-43bd-9f9b-9903b6f3bcdd finished downloading. Post-processing/merging formats...
2026-06-16 02:16:09,551 [INFO] Task 02c116b1-e305-43bd-9f9b-9903b6f3bcdd completed successfully. Filename: 🙏🏻Hare ka sahara baba syam hamara🙏🏻#khatushyam #khatu #khatudham.mp4, Size: 1.44 MB
2026-06-16 02:16:25,103 [INFO] Task 50abdae2-9d83-4e78-afbc-34e37c9a3681 finished downloading. Post-processing/merging formats...
2026-06-16 02:16:25,181 [INFO] Task 50abdae2-9d83-4e78-afbc-34e37c9a3681 completed successfully. Filename: 🙏🏻Hare ka sahara baba syam hamara🙏🏻#khatushyam #khatu #khatudham.mp4, Size: 1.44 MB
2026-06-16 22:21:13,211 [INFO] Task 05ff2a4c-cb54-4d48-87eb-8467548f758d added to queue. URL: https://youtube.com/shorts/KDh7-bpnKY0?si=UxG6KogEeRa1qiFs, Quality: 1080, AudioOnly: False
2026-06-16 22:21:13,366 [INFO] Task 05ff2a4c-cb54-4d48-87eb-8467548f758d popped from queue to start downloading.
2026-06-16 22:21:19,093 [INFO] Task 05ff2a4c-cb54-4d48-87eb-8467548f758d finished downloading. Post-processing/merging formats...
2026-06-16 22:21:19,285 [INFO] Task 05ff2a4c-cb54-4d48-87eb-8467548f758d completed successfully. Filename: #sunandasharma #dhurandhar2 #trend.mp4, Size: 1.36 MB
2026-06-16 22:22:24,312 [INFO] Task d8f51639-1bf0-44c7-ba91-c28492c9b26e added to queue. URL: https://youtu.be/vqT72uT_KM8?si=3vp2A8AWCnxuLxZs, Quality: 360, AudioOnly: False
2026-06-16 22:22:24,362 [INFO] Task d8f51639-1bf0-44c7-ba91-c28492c9b26e popped from queue to start downloading.
2026-06-16 22:22:29,679 [INFO] Task d8f51639-1bf0-44c7-ba91-c28492c9b26e progress: 0.1% | Speed: 603.4 KB/s | Size: 0.03MB/40.78MB | ETA: 01:09
2026-06-16 22:22:33,399 [INFO] Task d8f51639-1bf0-44c7-ba91-c28492c9b26e progress: 10.2% | Speed: 1.1 MB/s | Size: 4.15MB/40.78MB | ETA: 00:32
2026-06-16 22:22:36,606 [INFO] Task d8f51639-1bf0-44c7-ba91-c28492c9b26e progress: 20.3% | Speed: 1.2 MB/s | Size: 8.3MB/40.78MB | ETA: 00:26
2026-06-16 22:22:40,162 [INFO] Task d8f51639-1bf0-44c7-ba91-c28492c9b26e progress: 31.0% | Speed: 1.6 MB/s | Size: 12.64MB/40.78MB | ETA: 00:17
2026-06-16 22:22:44,537 [INFO] Task d8f51639-1bf0-44c7-ba91-c28492c9b26e progress: 41.2% | Speed: 619.9 KB/s | Size: 16.8MB/40.78MB | ETA: 00:39
2026-06-16 22:22:48,593 [INFO] Task d8f51639-1bf0-44c7-ba91-c28492c9b26e progress: 51.4% | Speed: 883.7 KB/s | Size: 20.95MB/40.78MB | ETA: 00:22
2026-06-16 22:22:52,297 [INFO] Task d8f51639-1bf0-44c7-ba91-c28492c9b26e progress: 62.1% | Speed: 1.1 MB/s | Size: 25.33MB/40.78MB | ETA: 00:13
2026-06-16 22:22:56,135 [INFO] Task d8f51639-1bf0-44c7-ba91-c28492c9b26e progress: 72.3% | Speed: 1.4 MB/s | Size: 29.5MB/40.78MB | ETA: 00:07
2026-06-16 22:22:59,649 [INFO] Task d8f51639-1bf0-44c7-ba91-c28492c9b26e progress: 82.5% | Speed: 1.2 MB/s | Size: 33.63MB/40.78MB | ETA: 00:05
2026-06-16 22:23:03,826 [INFO] Task d8f51639-1bf0-44c7-ba91-c28492c9b26e progress: 93.3% | Speed: 1.3 MB/s | Size: 38.06MB/40.78MB | ETA: 00:02
2026-06-16 22:23:06,287 [INFO] Task d8f51639-1bf0-44c7-ba91-c28492c9b26e progress: 100.0% | Speed: 1.5 MB/s | Size: 40.78MB/40.78MB | ETA: 00:00
2026-06-16 22:23:06,296 [INFO] Task d8f51639-1bf0-44c7-ba91-c28492c9b26e finished downloading. Post-processing/merging formats...
2026-06-16 22:23:06,385 [INFO] Task d8f51639-1bf0-44c7-ba91-c28492c9b26e completed successfully. Filename: Murli आया Class में First ｜ Pehla Pyaar - Less Than 1% Chance - Ep 26 ｜ Full Episode ｜ 9 Sep 2024.mp4, Size: 40.78 MB
2026-06-16 22:48:21,682 [INFO] Task e3ed6cbd-93e4-47ae-a679-f255ee53d4ad added to queue. URL: https://youtube.com/shorts/KDh7-bpnKY0?si=UxG6KogEeRa1qiFs, Quality: 1080, AudioOnly: False
2026-06-16 22:48:21,827 [INFO] Task e3ed6cbd-93e4-47ae-a679-f255ee53d4ad popped from queue to start downloading.
2026-06-16 22:48:26,997 [INFO] Task e3ed6cbd-93e4-47ae-a679-f255ee53d4ad finished downloading. Post-processing/merging formats...
2026-06-16 22:48:27,089 [INFO] Task e3ed6cbd-93e4-47ae-a679-f255ee53d4ad completed successfully. Filename: #sunandasharma #dhurandhar2 #trend.mp4, Size: 1.36 MB
2026-06-17 01:33:24,112 [INFO] Task a0d336f5-bd0a-48f0-aa2c-0613a512f7d9 added to queue. URL: https://youtube.com/shorts/KDh7-bpnKY0?si=UxG6KogEeRa1qiFs, Quality: 1080, AudioOnly: False
2026-06-17 01:33:24,182 [INFO] Task a0d336f5-bd0a-48f0-aa2c-0613a512f7d9 popped from queue to start downloading.
2026-06-17 01:33:31,097 [INFO] Task a0d336f5-bd0a-48f0-aa2c-0613a512f7d9 finished downloading. Post-processing/merging formats...
2026-06-17 01:33:31,193 [INFO] Task a0d336f5-bd0a-48f0-aa2c-0613a512f7d9 completed successfully. Filename: #sunandasharma #dhurandhar2 #trend.mp4, Size: 1.36 MB
2026-06-17 01:38:27,429 [INFO] Task ba870d53-efbc-4ea0-8a6f-1ff5d438b7f4 added to queue. URL: https://youtu.be/5EDWv-CucvY?si=zspfK78SXw_DUH5_, Quality: 360, AudioOnly: False
2026-06-17 01:38:27,457 [INFO] Task ba870d53-efbc-4ea0-8a6f-1ff5d438b7f4 popped from queue to start downloading.
2026-06-17 01:57:49,134 [INFO] Task 03d641aa-495e-4607-841a-346021f5221d added to queue. URL: https://youtu.be/5EDWv-CucvY?si=AigMNEnwXLkUVC25, Quality: 360, AudioOnly: False
2026-06-17 01:57:49,192 [INFO] Task 03d641aa-495e-4607-841a-346021f5221d popped from queue to start downloading.
2026-06-17 01:58:25,273 [INFO] Task 1ecb0d5e-ba40-4487-a5d0-22885a7588ec added to queue. URL: https://youtu.be/5EDWv-CucvY?si=AigMNEnwXLkUVC25, Quality: 360, AudioOnly: False
2026-06-17 01:58:25,304 [INFO] Task 1ecb0d5e-ba40-4487-a5d0-22885a7588ec popped from queue to start downloading.
2026-06-17 02:01:47,559 [ERROR] Task 03d641aa-495e-4607-841a-346021f5221d failed. Friendly Error: Connection to YouTube timed out. Please try again.. Details: [0;31mERROR:[0m [download] Got error: (<HTTPSConnection(host='rr3---sn-8vq54voxpo-25ue.googlevideo.com', port=443) at 0x25d66c171d0>, 'Connection to rr3---sn-8vq54voxpo-25ue.googlevideo.com timed out. (connect timeout=30.0)'). Giving up after 10 retries
2026-06-17 02:02:22,343 [ERROR] Task 1ecb0d5e-ba40-4487-a5d0-22885a7588ec failed. Friendly Error: Connection to YouTube timed out. Please try again.. Details: [0;31mERROR:[0m [download] Got error: (<HTTPSConnection(host='rr3---sn-8vq54voxpo-25ue.googlevideo.com', port=443) at 0x25d66bcde50>, 'Connection to rr3---sn-8vq54voxpo-25ue.googlevideo.com timed out. (connect timeout=30.0)'). Giving up after 10 retries
2026-06-17 02:25:28,304 [INFO] Task d0c2ff1c-3806-4e57-9185-436b6d5a32f8 added to queue. URL: https://youtu.be/Ac20NC8DqR0?si=si5sg7NXaoWT-8H-, Quality: 360, AudioOnly: False
2026-06-17 02:25:28,377 [ERROR] Queue analytics log error for task d0c2ff1c-3806-4e57-9185-436b6d5a32f8: (sqlite3.OperationalError) no such table: analytics
[SQL: INSERT INTO analytics (user_id, event_type, video_url, timestamp) VALUES (?, ?, ?, ?)]
[parameters: (None, 'download_queued', 'https://youtu.be/Ac20NC8DqR0?si=si5sg7NXaoWT-8H-', '2026-06-16 20:55:28.365298')]
(Background on this error at: https://sqlalche.me/e/20/e3q8)
2026-06-17 02:25:28,379 [INFO] Task d0c2ff1c-3806-4e57-9185-436b6d5a32f8 popped from queue to start downloading.
2026-06-17 02:25:28,487 [INFO] Using detected FFmpeg executable at: C:\ffmpeg\bin\ffmpeg.EXE
2026-06-17 02:26:09,018 [INFO] Task 3323cbab-4ea2-46fe-bc9c-e5a8c245a338 added to queue. URL: https://youtu.be/Ac20NC8DqR0?si=si5sg7NXaoWT-8H-, Quality: 360, AudioOnly: False
2026-06-17 02:26:09,024 [ERROR] Queue analytics log error for task 3323cbab-4ea2-46fe-bc9c-e5a8c245a338: (sqlite3.OperationalError) no such table: analytics
[SQL: INSERT INTO analytics (user_id, event_type, video_url, timestamp) VALUES (?, ?, ?, ?)]
[parameters: (None, 'download_queued', 'https://youtu.be/Ac20NC8DqR0?si=si5sg7NXaoWT-8H-', '2026-06-16 20:56:09.022508')]
(Background on this error at: https://sqlalche.me/e/20/e3q8)
2026-06-17 02:26:09,026 [INFO] Task 3323cbab-4ea2-46fe-bc9c-e5a8c245a338 popped from queue to start downloading.
2026-06-17 02:26:09,123 [INFO] Using detected FFmpeg executable at: C:\ffmpeg\bin\ffmpeg.EXE
2026-06-17 02:31:10,695 [ERROR] Task d0c2ff1c-3806-4e57-9185-436b6d5a32f8 failed. Friendly Error: Connection to YouTube timed out. Please try again.. Details: [0;31mERROR:[0m [download] Got error: (<HTTPSConnection(host='rr2---sn-8vq54voxpo-25ue.googlevideo.com', port=443) at 0x179f0be7710>, 'Connection to rr2---sn-8vq54voxpo-25ue.googlevideo.com timed out. (connect timeout=30.0)'). Giving up after 15 retries
2026-06-17 02:31:51,357 [ERROR] Task 3323cbab-4ea2-46fe-bc9c-e5a8c245a338 failed. Friendly Error: Connection to YouTube timed out. Please try again.. Details: [0;31mERROR:[0m [download] Got error: (<HTTPSConnection(host='rr2---sn-8vq54voxpo-25ue.googlevideo.com', port=443) at 0x179f170df70>, 'Connection to rr2---sn-8vq54voxpo-25ue.googlevideo.com timed out. (connect timeout=30.0)'). Giving up after 15 retries
2026-06-17 02:41:32,973 [INFO] Task 19d593ed-a517-4ce7-8c4e-ade06d202bb0 added to queue. URL: https://youtube.com/shorts/KDh7-bpnKY0?si=UxG6KogEeRa1qiFs, Quality: 1080, AudioOnly: False
2026-06-17 02:41:33,074 [INFO] Task 19d593ed-a517-4ce7-8c4e-ade06d202bb0 popped from queue to start downloading.
2026-06-17 02:41:33,169 [INFO] Using detected FFmpeg executable at: C:\ffmpeg\bin\ffmpeg.EXE
2026-06-17 02:41:38,947 [INFO] Task 19d593ed-a517-4ce7-8c4e-ade06d202bb0 finished downloading. Post-processing/merging formats...
2026-06-17 02:41:39,187 [INFO] Task 19d593ed-a517-4ce7-8c4e-ade06d202bb0 completed successfully. Filename: #sunandasharma #dhurandhar2 #trend.mp4, Size: 1.36 MB
2026-06-17 02:42:47,499 [INFO] Task f3c69231-5f56-41e1-b892-7e51b02bd72d added to queue. URL: https://youtu.be/WELRx3_x9jw?si=G5H0tXHcizJoFMdn, Quality: 360, AudioOnly: False
2026-06-17 02:42:47,536 [INFO] Task f3c69231-5f56-41e1-b892-7e51b02bd72d popped from queue to start downloading.
2026-06-17 02:42:47,612 [INFO] Using detected FFmpeg executable at: C:\ffmpeg\bin\ffmpeg.EXE
2026-06-17 02:44:29,130 [INFO] Task 03fa3ff9-bb49-4ebd-a417-baa84ce79b8b added to queue. URL: https://youtu.be/WELRx3_x9jw?si=G5H0tXHcizJoFMdn, Quality: 360, AudioOnly: False
2026-06-17 02:44:29,168 [INFO] Task 03fa3ff9-bb49-4ebd-a417-baa84ce79b8b popped from queue to start downloading.
2026-06-17 02:44:29,248 [INFO] Using detected FFmpeg executable at: C:\ffmpeg\bin\ffmpeg.EXE
2026-06-17 02:49:10,611 [INFO] Task 2af76a99-f536-41ed-9207-1675843dbc37 added to queue. URL: https://youtu.be/5EDWv-CucvY?si=i1dMwl8UPMe5YaOG, Quality: 360, AudioOnly: False
2026-06-17 02:49:10,648 [ERROR] Queue analytics log error for task 2af76a99-f536-41ed-9207-1675843dbc37: (sqlite3.OperationalError) no such table: analytics
[SQL: INSERT INTO analytics (user_id, event_type, video_url, timestamp) VALUES (?, ?, ?, ?)]
[parameters: (None, 'download_queued', 'https://youtu.be/5EDWv-CucvY?si=i1dMwl8UPMe5YaOG', '2026-06-16 21:19:10.647446')]
(Background on this error at: https://sqlalche.me/e/20/e3q8)
2026-06-17 02:49:10,651 [INFO] Task 2af76a99-f536-41ed-9207-1675843dbc37 popped from queue to start downloading.
2026-06-17 02:49:10,704 [INFO] Using detected FFmpeg executable at: C:\ffmpeg\bin\ffmpeg.EXE
2026-06-17 02:52:52,065 [INFO] Task c42fb26d-c6b9-47bf-a7a3-ebbcee4eafcc added to queue. URL: https://youtu.be/bsfHnhlJqFA?si=TNxR6NIM0vks_Tna, Quality: 360, AudioOnly: False
2026-06-17 02:52:52,150 [INFO] Task c42fb26d-c6b9-47bf-a7a3-ebbcee4eafcc popped from queue to start downloading.
2026-06-17 02:52:52,218 [INFO] Using detected FFmpeg executable at: C:\ffmpeg\bin\ffmpeg.EXE
2026-06-17 02:53:35,242 [INFO] Task 440f5d05-16ac-4f62-bbfc-445373cbe6f8 added to queue. URL: https://youtu.be/bsfHnhlJqFA?si=TNxR6NIM0vks_Tna, Quality: 360, AudioOnly: False
2026-06-17 02:53:35,275 [INFO] Task 440f5d05-16ac-4f62-bbfc-445373cbe6f8 popped from queue to start downloading.
2026-06-17 02:53:35,386 [INFO] Using detected FFmpeg executable at: C:\ffmpeg\bin\ffmpeg.EXE
2026-06-17 02:56:00,200 [INFO] Task c89fac24-8985-4f2e-86e8-57127b05c05e added to queue. URL: https://youtu.be/bsfHnhlJqFA?si=TNxR6NIM0vks_Tna, Quality: 360, AudioOnly: False
2026-06-17 02:56:00,306 [ERROR] Queue analytics log error for task c89fac24-8985-4f2e-86e8-57127b05c05e: (sqlite3.OperationalError) no such table: analytics
[SQL: INSERT INTO analytics (user_id, event_type, video_url, timestamp) VALUES (?, ?, ?, ?)]
[parameters: (None, 'download_queued', 'https://youtu.be/bsfHnhlJqFA?si=TNxR6NIM0vks_Tna', '2026-06-16 21:26:00.287301')]
(Background on this error at: https://sqlalche.me/e/20/e3q8)
2026-06-17 02:56:00,320 [INFO] Task c89fac24-8985-4f2e-86e8-57127b05c05e popped from queue to start downloading.
2026-06-17 02:56:00,516 [INFO] Using detected FFmpeg executable at: C:\ffmpeg\bin\ffmpeg.EXE
2026-06-17 03:01:20,095 [INFO] Task c89fac24-8985-4f2e-86e8-57127b05c05e cancellation requested.
2026-06-17 03:01:21,613 [INFO] Task c89fac24-8985-4f2e-86e8-57127b05c05e cancellation requested.
2026-06-17 03:01:55,843 [INFO] Task b9268506-b3d4-4b8c-980a-f39e5d3f945f added to queue. URL: https://youtu.be/bsfHnhlJqFA?si=TNxR6NIM0vks_Tna, Quality: 360, AudioOnly: False
2026-06-17 03:01:55,850 [ERROR] Queue analytics log error for task b9268506-b3d4-4b8c-980a-f39e5d3f945f: (sqlite3.OperationalError) no such table: analytics
[SQL: INSERT INTO analytics (user_id, event_type, video_url, timestamp) VALUES (?, ?, ?, ?)]
[parameters: (None, 'download_queued', 'https://youtu.be/bsfHnhlJqFA?si=TNxR6NIM0vks_Tna', '2026-06-16 21:31:55.848437')]
(Background on this error at: https://sqlalche.me/e/20/e3q8)
2026-06-17 03:01:55,855 [INFO] Task b9268506-b3d4-4b8c-980a-f39e5d3f945f popped from queue to start downloading.
2026-06-17 03:01:55,919 [INFO] Using detected FFmpeg executable at: C:\ffmpeg\bin\ffmpeg.EXE
2026-06-17 03:05:48,092 [INFO] Task 0ef907ee-07ab-4785-beb6-4a3d438071ac added to queue. URL: https://youtu.be/bsfHnhlJqFA?si=TNxR6NIM0vks_Tna, Quality: 360, AudioOnly: False
2026-06-17 03:05:48,266 [ERROR] Queue analytics log error for task 0ef907ee-07ab-4785-beb6-4a3d438071ac: (sqlite3.OperationalError) no such table: analytics
[SQL: INSERT INTO analytics (user_id, event_type, video_url, timestamp) VALUES (?, ?, ?, ?)]
[parameters: (None, 'download_queued', 'https://youtu.be/bsfHnhlJqFA?si=TNxR6NIM0vks_Tna', '2026-06-16 21:35:48.264660')]
(Background on this error at: https://sqlalche.me/e/20/e3q8)
2026-06-17 03:05:48,271 [INFO] Task 0ef907ee-07ab-4785-beb6-4a3d438071ac popped from queue to start downloading.
2026-06-17 03:05:48,379 [INFO] Using detected FFmpeg executable at: C:\ffmpeg\bin\ffmpeg.EXE
2026-06-17 03:07:35,420 [INFO] Task e3843762-57b0-4b8f-bae0-0ae3e99611e4 added to queue. URL: https://youtu.be/bsfHnhlJqFA?si=TNxR6NIM0vks_Tna, Quality: 360, AudioOnly: False
2026-06-17 03:07:35,434 [ERROR] Queue analytics log error for task e3843762-57b0-4b8f-bae0-0ae3e99611e4: (sqlite3.OperationalError) no such table: analytics
[SQL: INSERT INTO analytics (user_id, event_type, video_url, timestamp) VALUES (?, ?, ?, ?)]
[parameters: (None, 'download_queued', 'https://youtu.be/bsfHnhlJqFA?si=TNxR6NIM0vks_Tna', '2026-06-16 21:37:35.432239')]
(Background on this error at: https://sqlalche.me/e/20/e3q8)
2026-06-17 03:07:35,441 [INFO] Task e3843762-57b0-4b8f-bae0-0ae3e99611e4 popped from queue to start downloading.
2026-06-17 03:07:35,580 [INFO] Using detected FFmpeg executable at: C:\ffmpeg\bin\ffmpeg.EXE
